  main.cpp
D:\DHMT\BTL_Nhom8\BTL_N8\DHMT_N8\OpenGL\main.cpp(134,41): warning C4305: 'argument': truncation from 'double' to 'GLfloat'
D:\DHMT\BTL_Nhom8\BTL_N8\DHMT_N8\OpenGL\main.cpp(139,44): warning C4305: 'argument': truncation from 'double' to 'GLfloat'
D:\DHMT\BTL_Nhom8\BTL_N8\DHMT_N8\OpenGL\main.cpp(140,45): warning C4305: 'argument': truncation from 'double' to 'GLfloat'
D:\DHMT\BTL_Nhom8\BTL_N8\DHMT_N8\OpenGL\main.cpp(171,15): warning C4244: 'argument': conversion from 'int' to 'const GLfloat', possible loss of data
D:\DHMT\BTL_Nhom8\BTL_N8\DHMT_N8\OpenGL\main.cpp(201,41): warning C4305: 'argument': truncation from 'double' to 'const GLfloat'
D:\DHMT\BTL_Nhom8\BTL_N8\DHMT_N8\OpenGL\main.cpp(201,64): warning C4305: 'argument': truncation from 'double' to 'const GLfloat'
D:\DHMT\BTL_Nhom8\BTL_N8\DHMT_N8\OpenGL\main.cpp(207,45): warning C4305: 'argument': truncation from 'double' to 'const GLfloat'
D:\DHMT\BTL_Nhom8\BTL_N8\DHMT_N8\OpenGL\main.cpp(207,68): warning C4305: 'argument': truncation from 'double' to 'const GLfloat'
D:\DHMT\BTL_Nhom8\BTL_N8\DHMT_N8\OpenGL\main.cpp(209,44): warning C4305: 'argument': truncation from 'double' to 'GLfloat'
D:\DHMT\BTL_Nhom8\BTL_N8\DHMT_N8\OpenGL\main.cpp(217,46): warning C4305: 'argument': truncation from 'double' to 'const GLfloat'
D:\DHMT\BTL_Nhom8\BTL_N8\DHMT_N8\OpenGL\main.cpp(217,70): warning C4305: 'argument': truncation from 'double' to 'const GLfloat'
D:\DHMT\BTL_Nhom8\BTL_N8\DHMT_N8\OpenGL\main.cpp(219,44): warning C4305: 'argument': truncation from 'double' to 'GLfloat'
D:\DHMT\BTL_Nhom8\BTL_N8\DHMT_N8\OpenGL\main.cpp(227,44): warning C4305: 'argument': truncation from 'double' to 'const GLfloat'
D:\DHMT\BTL_Nhom8\BTL_N8\DHMT_N8\OpenGL\main.cpp(227,67): warning C4305: 'argument': truncation from 'double' to 'const GLfloat'
D:\DHMT\BTL_Nhom8\BTL_N8\DHMT_N8\OpenGL\main.cpp(229,44): warning C4305: 'argument': truncation from 'double' to 'GLfloat'
D:\DHMT\BTL_Nhom8\BTL_N8\DHMT_N8\OpenGL\main.cpp(238,65): warning C4305: 'argument': truncation from 'double' to 'const GLfloat'
D:\DHMT\BTL_Nhom8\BTL_N8\DHMT_N8\OpenGL\main.cpp(244,17): warning C4244: 'argument': conversion from 'int' to 'const GLfloat', possible loss of data
D:\DHMT\BTL_Nhom8\BTL_N8\DHMT_N8\OpenGL\main.cpp(245,60): warning C4305: 'argument': truncation from 'double' to 'const GLfloat'
D:\DHMT\BTL_Nhom8\BTL_N8\DHMT_N8\OpenGL\main.cpp(245,84): warning C4305: 'argument': truncation from 'double' to 'const GLfloat'
D:\DHMT\BTL_Nhom8\BTL_N8\DHMT_N8\OpenGL\main.cpp(247,44): warning C4305: 'argument': truncation from 'double' to 'GLfloat'
D:\DHMT\BTL_Nhom8\BTL_N8\DHMT_N8\OpenGL\main.cpp(255,17): warning C4244: 'argument': conversion from 'int' to 'const GLfloat', possible loss of data
D:\DHMT\BTL_Nhom8\BTL_N8\DHMT_N8\OpenGL\main.cpp(256,62): warning C4305: 'argument': truncation from 'double' to 'const GLfloat'
D:\DHMT\BTL_Nhom8\BTL_N8\DHMT_N8\OpenGL\main.cpp(256,87): warning C4305: 'argument': truncation from 'double' to 'const GLfloat'
D:\DHMT\BTL_Nhom8\BTL_N8\DHMT_N8\OpenGL\main.cpp(258,44): warning C4305: 'argument': truncation from 'double' to 'GLfloat'
D:\DHMT\BTL_Nhom8\BTL_N8\DHMT_N8\OpenGL\main.cpp(285,44): warning C4305: 'argument': truncation from 'double' to 'GLfloat'
D:\DHMT\BTL_Nhom8\BTL_N8\DHMT_N8\OpenGL\main.cpp(293,38): warning C4305: 'argument': truncation from 'double' to 'const GLfloat'
D:\DHMT\BTL_Nhom8\BTL_N8\DHMT_N8\OpenGL\main.cpp(293,59): warning C4305: 'argument': truncation from 'double' to 'const GLfloat'
D:\DHMT\BTL_Nhom8\BTL_N8\DHMT_N8\OpenGL\main.cpp(295,44): warning C4305: 'argument': truncation from 'double' to 'GLfloat'
D:\DHMT\BTL_Nhom8\BTL_N8\DHMT_N8\OpenGL\main.cpp(304,39): warning C4305: 'argument': truncation from 'double' to 'const GLfloat'
D:\DHMT\BTL_Nhom8\BTL_N8\DHMT_N8\OpenGL\main.cpp(304,62): warning C4305: 'argument': truncation from 'double' to 'const GLfloat'
D:\DHMT\BTL_Nhom8\BTL_N8\DHMT_N8\OpenGL\main.cpp(306,44): warning C4305: 'argument': truncation from 'double' to 'GLfloat'
D:\DHMT\BTL_Nhom8\BTL_N8\DHMT_N8\OpenGL\main.cpp(315,40): warning C4305: 'argument': truncation from 'double' to 'const GLfloat'
D:\DHMT\BTL_Nhom8\BTL_N8\DHMT_N8\OpenGL\main.cpp(315,64): warning C4305: 'argument': truncation from 'double' to 'const GLfloat'
D:\DHMT\BTL_Nhom8\BTL_N8\DHMT_N8\OpenGL\main.cpp(317,44): warning C4305: 'argument': truncation from 'double' to 'GLfloat'
D:\DHMT\BTL_Nhom8\BTL_N8\DHMT_N8\OpenGL\main.cpp(325,36): warning C4305: 'argument': truncation from 'double' to 'const GLfloat'
D:\DHMT\BTL_Nhom8\BTL_N8\DHMT_N8\OpenGL\main.cpp(325,59): warning C4305: 'argument': truncation from 'double' to 'const GLfloat'
D:\DHMT\BTL_Nhom8\BTL_N8\DHMT_N8\OpenGL\main.cpp(327,44): warning C4305: 'argument': truncation from 'double' to 'GLfloat'
D:\DHMT\BTL_Nhom8\BTL_N8\DHMT_N8\OpenGL\main.cpp(337,23): warning C4244: 'argument': conversion from 'int' to 'const GLfloat', possible loss of data
D:\DHMT\BTL_Nhom8\BTL_N8\DHMT_N8\OpenGL\main.cpp(338,29): warning C4244: 'argument': conversion from 'int' to 'const GLfloat', possible loss of data
D:\DHMT\BTL_Nhom8\BTL_N8\DHMT_N8\OpenGL\main.cpp(338,79): warning C4305: 'argument': truncation from 'double' to 'const GLfloat'
D:\DHMT\BTL_Nhom8\BTL_N8\DHMT_N8\OpenGL\main.cpp(340,44): warning C4305: 'argument': truncation from 'double' to 'GLfloat'
D:\DHMT\BTL_Nhom8\BTL_N8\DHMT_N8\OpenGL\main.cpp(361,13): warning C4305: '+=': truncation from 'double' to 'float'
D:\DHMT\BTL_Nhom8\BTL_N8\DHMT_N8\OpenGL\main.cpp(369,16): warning C4305: '+=': truncation from 'double' to 'float'
D:\DHMT\BTL_Nhom8\BTL_N8\DHMT_N8\OpenGL\main.cpp(380,62): warning C4305: 'argument': truncation from 'double' to 'const GLfloat'
D:\DHMT\BTL_Nhom8\BTL_N8\DHMT_N8\OpenGL\main.cpp(381,39): warning C4305: 'argument': truncation from 'double' to 'GLfloat'
D:\DHMT\BTL_Nhom8\BTL_N8\DHMT_N8\OpenGL\main.cpp(382,44): warning C4305: 'argument': truncation from 'double' to 'GLfloat'
D:\DHMT\BTL_Nhom8\BTL_N8\DHMT_N8\OpenGL\main.cpp(390,31): warning C4305: 'argument': truncation from 'double' to 'float'
D:\DHMT\BTL_Nhom8\BTL_N8\DHMT_N8\OpenGL\main.cpp(391,33): warning C4305: 'argument': truncation from 'double' to 'float'
D:\DHMT\BTL_Nhom8\BTL_N8\DHMT_N8\OpenGL\main.cpp(392,33): warning C4305: 'argument': truncation from 'double' to 'float'
D:\DHMT\BTL_Nhom8\BTL_N8\DHMT_N8\OpenGL\main.cpp(395,62): warning C4305: 'argument': truncation from 'double' to 'const GLfloat'
D:\DHMT\BTL_Nhom8\BTL_N8\DHMT_N8\OpenGL\main.cpp(397,44): warning C4305: 'argument': truncation from 'double' to 'GLfloat'
D:\DHMT\BTL_Nhom8\BTL_N8\DHMT_N8\OpenGL\main.cpp(405,29): warning C4305: 'argument': truncation from 'double' to 'float'
D:\DHMT\BTL_Nhom8\BTL_N8\DHMT_N8\OpenGL\main.cpp(406,30): warning C4305: 'argument': truncation from 'double' to 'float'
D:\DHMT\BTL_Nhom8\BTL_N8\DHMT_N8\OpenGL\main.cpp(407,22): warning C4305: 'argument': truncation from 'double' to 'float'
D:\DHMT\BTL_Nhom8\BTL_N8\DHMT_N8\OpenGL\main.cpp(408,23): warning C4305: 'argument': truncation from 'double' to 'float'
D:\DHMT\BTL_Nhom8\BTL_N8\DHMT_N8\OpenGL\main.cpp(455,15): warning C4305: 'argument': truncation from 'double' to 'float'
D:\DHMT\BTL_Nhom8\BTL_N8\DHMT_N8\OpenGL\main.cpp(460,16): warning C4305: 'argument': truncation from 'double' to 'float'
D:\DHMT\BTL_Nhom8\BTL_N8\DHMT_N8\OpenGL\main.cpp(475,15): warning C4305: 'argument': truncation from 'double' to 'float'
D:\DHMT\BTL_Nhom8\BTL_N8\DHMT_N8\OpenGL\main.cpp(481,16): warning C4305: 'argument': truncation from 'double' to 'float'
D:\DHMT\BTL_Nhom8\BTL_N8\DHMT_N8\OpenGL\main.cpp(487,12): warning C4305: '+=': truncation from 'double' to 'float'
D:\DHMT\BTL_Nhom8\BTL_N8\DHMT_N8\OpenGL\main.cpp(491,12): warning C4305: '-=': truncation from 'double' to 'float'
D:\DHMT\BTL_Nhom8\BTL_N8\DHMT_N8\OpenGL\main.cpp(495,12): warning C4305: '+=': truncation from 'double' to 'float'
D:\DHMT\BTL_Nhom8\BTL_N8\DHMT_N8\OpenGL\main.cpp(499,12): warning C4305: '-=': truncation from 'double' to 'float'
D:\DHMT\BTL_Nhom8\BTL_N8\DHMT_N8\OpenGL\main.cpp(503,12): warning C4305: '+=': truncation from 'double' to 'float'
D:\DHMT\BTL_Nhom8\BTL_N8\DHMT_N8\OpenGL\main.cpp(507,12): warning C4305: '-=': truncation from 'double' to 'float'
  OpenGL.vcxproj -> D:\DHMT\BTL_Nhom8\BTL_N8\DHMT_N8\Debug\OpenGL.exe
